

Started GET "/" for 127.0.0.1 at 2016-02-14 12:55:59 -0500
Processing by Rails::WelcomeController#index as HTML
  Rendered /home/hongbo/.rbenv/versions/2.2.3/lib/ruby/gems/2.2.0/gems/railties-4.2.5/lib/rails/templates/rails/welcome/index.html.erb (1.3ms)
Completed 200 OK in 12ms (Views: 6.2ms | ActiveRecord: 0.0ms)


Started GET "/" for 127.0.0.1 at 2016-02-14 12:56:02 -0500
Processing by Rails::WelcomeController#index as HTML
  Rendered /home/hongbo/.rbenv/versions/2.2.3/lib/ruby/gems/2.2.0/gems/railties-4.2.5/lib/rails/templates/rails/welcome/index.html.erb (0.0ms)
Completed 200 OK in 1ms (Views: 0.6ms | ActiveRecord: 0.0ms)


Started GET "/" for 127.0.0.1 at 2016-02-14 12:56:03 -0500
Processing by Rails::WelcomeController#index as HTML
  Rendered /home/hongbo/.rbenv/versions/2.2.3/lib/ruby/gems/2.2.0/gems/railties-4.2.5/lib/rails/templates/rails/welcome/index.html.erb (0.3ms)
Completed 200 OK in 2ms (Views: 1.1ms | ActiveRecord: 0.0ms)


Started GET "/" for 127.0.0.1 at 2016-02-14 12:56:03 -0500
Processing by Rails::WelcomeController#index as HTML
  Rendered /home/hongbo/.rbenv/versions/2.2.3/lib/ruby/gems/2.2.0/gems/railties-4.2.5/lib/rails/templates/rails/welcome/index.html.erb (0.1ms)
Completed 200 OK in 1ms (Views: 1.0ms | ActiveRecord: 0.0ms)
  [1m[36m (6.5ms)[0m  [1mCREATE TABLE "schema_migrations" ("version" varchar NOT NULL) [0m
  [1m[35m (0.1ms)[0m  select sqlite_version(*)
  [1m[36m (4.6ms)[0m  [1mCREATE UNIQUE INDEX "unique_schema_migrations" ON "schema_migrations" ("version")[0m
  [1m[35mActiveRecord::SchemaMigration Load (0.0ms)[0m  SELECT "schema_migrations".* FROM "schema_migrations"
